{"/Users/sarahmayfield/alchemy/career-track/data-structures-and-algorithms/challenges/data structures/queue-with-stacks.js": {"path":"/Users/sarahmayfield/alchemy/career-track/data-structures-and-algorithms/challenges/data structures/queue-with-stacks.js","statementMap":{"0":{"start":{"line":3,"column":4},"end":{"line":3,"column":23}},"1":{"start":{"line":4,"column":4},"end":{"line":4,"column":21}},"2":{"start":{"line":10,"column":4},"end":{"line":10,"column":46}},"3":{"start":{"line":14,"column":16},"end":{"line":14,"column":24}},"4":{"start":{"line":15,"column":4},"end":{"line":15,"column":31}},"5":{"start":{"line":16,"column":4},"end":{"line":16,"column":24}},"6":{"start":{"line":20,"column":21},"end":{"line":20,"column":35}},"7":{"start":{"line":21,"column":4},"end":{"line":21,"column":29}},"8":{"start":{"line":22,"column":4},"end":{"line":22,"column":20}},"9":{"start":{"line":26,"column":4},"end":{"line":26,"column":20}},"10":{"start":{"line":32,"column":4},"end":{"line":32,"column":38}},"11":{"start":{"line":33,"column":4},"end":{"line":33,"column":37}},"12":{"start":{"line":37,"column":4},"end":{"line":37,"column":31}},"13":{"start":{"line":42,"column":4},"end":{"line":50,"column":5}},"14":{"start":{"line":43,"column":6},"end":{"line":43,"column":34}},"15":{"start":{"line":45,"column":6},"end":{"line":48,"column":7}},"16":{"start":{"line":46,"column":19},"end":{"line":46,"column":39}},"17":{"start":{"line":47,"column":8},"end":{"line":47,"column":34}},"18":{"start":{"line":49,"column":6},"end":{"line":49,"column":34}},"19":{"start":{"line":55,"column":0},"end":{"line":57,"column":16}}},"fnMap":{"0":{"name":"(anonymous_0)","decl":{"start":{"line":2,"column":2},"end":{"line":2,"column":3}},"loc":{"start":{"line":2,"column":34},"end":{"line":5,"column":3}},"line":2},"1":{"name":"(anonymous_1)","decl":{"start":{"line":9,"column":2},"end":{"line":9,"column":3}},"loc":{"start":{"line":9,"column":21},"end":{"line":11,"column":3}},"line":9},"2":{"name":"(anonymous_2)","decl":{"start":{"line":13,"column":2},"end":{"line":13,"column":3}},"loc":{"start":{"line":13,"column":14},"end":{"line":17,"column":3}},"line":13},"3":{"name":"(anonymous_3)","decl":{"start":{"line":19,"column":2},"end":{"line":19,"column":3}},"loc":{"start":{"line":19,"column":8},"end":{"line":23,"column":3}},"line":19},"4":{"name":"(anonymous_4)","decl":{"start":{"line":25,"column":2},"end":{"line":25,"column":3}},"loc":{"start":{"line":25,"column":9},"end":{"line":27,"column":3}},"line":25},"5":{"name":"(anonymous_5)","decl":{"start":{"line":31,"column":2},"end":{"line":31,"column":3}},"loc":{"start":{"line":31,"column":21},"end":{"line":34,"column":3}},"line":31},"6":{"name":"(anonymous_6)","decl":{"start":{"line":36,"column":2},"end":{"line":36,"column":3}},"loc":{"start":{"line":36,"column":17},"end":{"line":38,"column":3}},"line":36},"7":{"name":"(anonymous_7)","decl":{"start":{"line":41,"column":2},"end":{"line":41,"column":3}},"loc":{"start":{"line":41,"column":12},"end":{"line":51,"column":3}},"line":41}},"branchMap":{"0":{"loc":{"start":{"line":2,"column":21},"end":{"line":2,"column":32}},"type":"default-arg","locations":[{"start":{"line":2,"column":28},"end":{"line":2,"column":32}}],"line":2},"1":{"loc":{"start":{"line":10,"column":15},"end":{"line":10,"column":45}},"type":"cond-expr","locations":[{"start":{"line":10,"column":23},"end":{"line":10,"column":38}},{"start":{"line":10,"column":41},"end":{"line":10,"column":45}}],"line":10},"2":{"loc":{"start":{"line":42,"column":4},"end":{"line":50,"column":5}},"type":"if","locations":[{"start":{"line":42,"column":4},"end":{"line":50,"column":5}},{"start":{"line":42,"column":4},"end":{"line":50,"column":5}}],"line":42}},"s":{"0":9,"1":9,"2":6,"3":6,"4":6,"5":6,"6":4,"7":4,"8":4,"9":0,"10":3,"11":3,"12":3,"13":1,"14":0,"15":1,"16":3,"17":3,"18":1,"19":1},"f":{"0":9,"1":6,"2":6,"3":4,"4":0,"5":3,"6":3,"7":1},"b":{"0":[9],"1":[3,3],"2":[0,1]},"_coverageSchema":"43e27e138ebf9cfc5966b082cf9a028302ed4184","hash":"efe702004aee054a4913be082c96c165c612a3dc"}
}
