{"/Users/sarahmayfield/alchemy/career-track/data-structures-and-algorithms/challenges/data structures/queue-with-stacks.js": {"path":"/Users/sarahmayfield/alchemy/career-track/data-structures-and-algorithms/challenges/data structures/queue-with-stacks.js","statementMap":{"0":{"start":{"line":3,"column":4},"end":{"line":3,"column":23}},"1":{"start":{"line":4,"column":4},"end":{"line":4,"column":21}},"2":{"start":{"line":10,"column":4},"end":{"line":10,"column":31}},"3":{"start":{"line":14,"column":4},"end":{"line":14,"column":31}},"4":{"start":{"line":18,"column":21},"end":{"line":18,"column":35}},"5":{"start":{"line":19,"column":4},"end":{"line":19,"column":29}},"6":{"start":{"line":20,"column":4},"end":{"line":20,"column":20}},"7":{"start":{"line":24,"column":4},"end":{"line":24,"column":20}},"8":{"start":{"line":30,"column":4},"end":{"line":30,"column":38}},"9":{"start":{"line":31,"column":4},"end":{"line":31,"column":45}},"10":{"start":{"line":36,"column":4},"end":{"line":39,"column":5}},"11":{"start":{"line":38,"column":6},"end":{"line":38,"column":25}},"12":{"start":{"line":40,"column":4},"end":{"line":40,"column":31}},"13":{"start":{"line":45,"column":4},"end":{"line":55,"column":5}},"14":{"start":{"line":46,"column":6},"end":{"line":46,"column":36}},"15":{"start":{"line":49,"column":20},"end":{"line":49,"column":38}},"16":{"start":{"line":50,"column":6},"end":{"line":53,"column":7}},"17":{"start":{"line":51,"column":19},"end":{"line":51,"column":39}},"18":{"start":{"line":52,"column":8},"end":{"line":52,"column":34}},"19":{"start":{"line":54,"column":6},"end":{"line":54,"column":36}},"20":{"start":{"line":60,"column":18},"end":{"line":60,"column":36}},"21":{"start":{"line":61,"column":4},"end":{"line":65,"column":5}},"22":{"start":{"line":62,"column":17},"end":{"line":62,"column":37}},"23":{"start":{"line":63,"column":6},"end":{"line":63,"column":40}},"24":{"start":{"line":64,"column":6},"end":{"line":64,"column":32}},"25":{"start":{"line":70,"column":0},"end":{"line":71,"column":16}}},"fnMap":{"0":{"name":"(anonymous_0)","decl":{"start":{"line":2,"column":2},"end":{"line":2,"column":3}},"loc":{"start":{"line":2,"column":34},"end":{"line":5,"column":3}},"line":2},"1":{"name":"(anonymous_1)","decl":{"start":{"line":9,"column":2},"end":{"line":9,"column":3}},"loc":{"start":{"line":9,"column":21},"end":{"line":11,"column":3}},"line":9},"2":{"name":"(anonymous_2)","decl":{"start":{"line":13,"column":2},"end":{"line":13,"column":3}},"loc":{"start":{"line":13,"column":14},"end":{"line":15,"column":3}},"line":13},"3":{"name":"(anonymous_3)","decl":{"start":{"line":17,"column":2},"end":{"line":17,"column":3}},"loc":{"start":{"line":17,"column":8},"end":{"line":21,"column":3}},"line":17},"4":{"name":"(anonymous_4)","decl":{"start":{"line":23,"column":2},"end":{"line":23,"column":3}},"loc":{"start":{"line":23,"column":9},"end":{"line":25,"column":3}},"line":23},"5":{"name":"(anonymous_5)","decl":{"start":{"line":29,"column":2},"end":{"line":29,"column":3}},"loc":{"start":{"line":29,"column":21},"end":{"line":32,"column":3}},"line":29},"6":{"name":"(anonymous_6)","decl":{"start":{"line":35,"column":2},"end":{"line":35,"column":3}},"loc":{"start":{"line":35,"column":17},"end":{"line":41,"column":3}},"line":35},"7":{"name":"(anonymous_7)","decl":{"start":{"line":44,"column":2},"end":{"line":44,"column":3}},"loc":{"start":{"line":44,"column":12},"end":{"line":56,"column":3}},"line":44},"8":{"name":"(anonymous_8)","decl":{"start":{"line":58,"column":2},"end":{"line":58,"column":3}},"loc":{"start":{"line":58,"column":16},"end":{"line":66,"column":3}},"line":58}},"branchMap":{"0":{"loc":{"start":{"line":2,"column":21},"end":{"line":2,"column":32}},"type":"default-arg","locations":[{"start":{"line":2,"column":28},"end":{"line":2,"column":32}}],"line":2},"1":{"loc":{"start":{"line":36,"column":4},"end":{"line":39,"column":5}},"type":"if","locations":[{"start":{"line":36,"column":4},"end":{"line":39,"column":5}},{"start":{"line":36,"column":4},"end":{"line":39,"column":5}}],"line":36},"2":{"loc":{"start":{"line":45,"column":4},"end":{"line":55,"column":5}},"type":"if","locations":[{"start":{"line":45,"column":4},"end":{"line":55,"column":5}},{"start":{"line":45,"column":4},"end":{"line":55,"column":5}}],"line":45}},"s":{"0":8,"1":8,"2":6,"3":2,"4":4,"5":2,"6":2,"7":0,"8":3,"9":3,"10":2,"11":2,"12":0,"13":0,"14":0,"15":0,"16":0,"17":0,"18":0,"19":0,"20":2,"21":2,"22":4,"23":2,"24":2,"25":1},"f":{"0":8,"1":6,"2":2,"3":4,"4":0,"5":3,"6":2,"7":0,"8":2},"b":{"0":[8],"1":[2,0],"2":[0,0]},"_coverageSchema":"43e27e138ebf9cfc5966b082cf9a028302ed4184","hash":"e95e289931145647b94e89d5b45cc49f01cdafac"}
}
