TN:
SF:/Users/sarahmayfield/alchemy/career-track/data-structures-and-algorithms/challenges/data structures/queue-with-stacks.js
FN:2,(anonymous_0)
FN:9,(anonymous_1)
FN:13,(anonymous_2)
FN:19,(anonymous_3)
FN:25,(anonymous_4)
FN:31,(anonymous_5)
FN:36,(anonymous_6)
FN:40,(anonymous_7)
FNF:8
FNH:7
FNDA:9,(anonymous_0)
FNDA:6,(anonymous_1)
FNDA:6,(anonymous_2)
FNDA:5,(anonymous_3)
FNDA:0,(anonymous_4)
FNDA:3,(anonymous_5)
FNDA:3,(anonymous_6)
FNDA:2,(anonymous_7)
DA:3,9
DA:4,9
DA:10,6
DA:14,6
DA:15,6
DA:16,6
DA:20,5
DA:21,5
DA:22,5
DA:26,0
DA:32,3
DA:33,3
DA:37,3
DA:41,2
DA:42,1
DA:44,1
DA:45,3
DA:46,3
DA:48,1
DA:54,1
LF:20
LH:19
BRDA:2,0,0,9
BRDA:10,1,0,3
BRDA:10,1,1,3
BRDA:41,2,0,1
BRDA:41,2,1,1
BRF:5
BRH:5
end_of_record
