TN:
SF:/Users/sarahmayfield/alchemy/career-track/data-structures-and-algorithms/challenges/data structures/queue-with-stacks.js
FN:2,(anonymous_0)
FN:9,(anonymous_1)
FN:13,(anonymous_2)
FN:19,(anonymous_3)
FN:25,(anonymous_4)
FN:31,(anonymous_5)
FN:36,(anonymous_6)
FN:41,(anonymous_7)
FNF:8
FNH:7
FNDA:9,(anonymous_0)
FNDA:6,(anonymous_1)
FNDA:6,(anonymous_2)
FNDA:4,(anonymous_3)
FNDA:0,(anonymous_4)
FNDA:3,(anonymous_5)
FNDA:3,(anonymous_6)
FNDA:1,(anonymous_7)
DA:3,9
DA:4,9
DA:10,6
DA:14,6
DA:15,6
DA:16,6
DA:20,4
DA:21,4
DA:22,4
DA:26,0
DA:32,3
DA:33,3
DA:37,3
DA:42,1
DA:43,0
DA:45,1
DA:46,3
DA:47,3
DA:49,1
DA:55,1
LF:20
LH:18
BRDA:2,0,0,9
BRDA:10,1,0,3
BRDA:10,1,1,3
BRDA:42,2,0,0
BRDA:42,2,1,1
BRF:5
BRH:4
end_of_record
